<?xml version="1.0" encoding="UTF-8"?>
<testsuite xmlns:xsi="http://www.w3.org/2001/XMLSchema-instance" xsi:noNamespaceSchemaLocation="https://maven.apache.org/surefire/maven-surefire-plugin/xsd/surefire-test-report-3.0.xsd" version="3.0" name="cucumber.TestNGTestRunner" time="22.085" tests="1" errors="0" skipped="0" failures="1">
  <properties>
    <property name="java.specification.version" value="23"/>
    <property name="sun.jnu.encoding" value="UTF-8"/>
    <property name="java.class.path" value="/Users/adityapargunde/eclipse-workspace/TestAutomationPractiseFramework/target/test-classes:/Users/adityapargunde/eclipse-workspace/TestAutomationPractiseFramework/target/classes:/Users/adityapargunde/.m2/repository/org/seleniumhq/selenium/selenium-java/4.33.0/selenium-java-4.33.0.jar:/Users/adityapargunde/.m2/repository/org/seleniumhq/selenium/selenium-api/4.33.0/selenium-api-4.33.0.jar:/Users/adityapargunde/.m2/repository/org/jspecify/jspecify/1.0.0/jspecify-1.0.0.jar:/Users/adityapargunde/.m2/repository/org/seleniumhq/selenium/selenium-chrome-driver/4.33.0/selenium-chrome-driver-4.33.0.jar:/Users/adityapargunde/.m2/repository/com/google/auto/service/auto-service-annotations/1.1.1/auto-service-annotations-1.1.1.jar:/Users/adityapargunde/.m2/repository/org/seleniumhq/selenium/selenium-chromium-driver/4.33.0/selenium-chromium-driver-4.33.0.jar:/Users/adityapargunde/.m2/repository/org/seleniumhq/selenium/selenium-json/4.33.0/selenium-json-4.33.0.jar:/Users/adityapargunde/.m2/repository/org/seleniumhq/selenium/selenium-manager/4.33.0/selenium-manager-4.33.0.jar:/Users/adityapargunde/.m2/repository/org/seleniumhq/selenium/selenium-devtools-v135/4.33.0/selenium-devtools-v135-4.33.0.jar:/Users/adityapargunde/.m2/repository/org/seleniumhq/selenium/selenium-devtools-v136/4.33.0/selenium-devtools-v136-4.33.0.jar:/Users/adityapargunde/.m2/repository/org/seleniumhq/selenium/selenium-devtools-v137/4.33.0/selenium-devtools-v137-4.33.0.jar:/Users/adityapargunde/.m2/repository/org/seleniumhq/selenium/selenium-edge-driver/4.33.0/selenium-edge-driver-4.33.0.jar:/Users/adityapargunde/.m2/repository/org/seleniumhq/selenium/selenium-firefox-driver/4.33.0/selenium-firefox-driver-4.33.0.jar:/Users/adityapargunde/.m2/repository/org/seleniumhq/selenium/selenium-http/4.33.0/selenium-http-4.33.0.jar:/Users/adityapargunde/.m2/repository/org/seleniumhq/selenium/selenium-ie-driver/4.33.0/selenium-ie-driver-4.33.0.jar:/Users/adityapargunde/.m2/repository/org/seleniumhq/selenium/selenium-remote-driver/4.33.0/selenium-remote-driver-4.33.0.jar:/Users/adityapargunde/.m2/repository/com/google/guava/guava/33.4.8-jre/guava-33.4.8-jre.jar:/Users/adityapargunde/.m2/repository/com/google/guava/failureaccess/1.0.3/failureaccess-1.0.3.jar:/Users/adityapargunde/.m2/repository/com/google/guava/listenablefuture/9999.0-empty-to-avoid-conflict-with-guava/listenablefuture-9999.0-empty-to-avoid-conflict-with-guava.jar:/Users/adityapargunde/.m2/repository/com/google/j2objc/j2objc-annotations/3.0.0/j2objc-annotations-3.0.0.jar:/Users/adityapargunde/.m2/repository/io/opentelemetry/opentelemetry-api/1.50.0/opentelemetry-api-1.50.0.jar:/Users/adityapargunde/.m2/repository/io/opentelemetry/opentelemetry-context/1.50.0/opentelemetry-context-1.50.0.jar:/Users/adityapargunde/.m2/repository/io/opentelemetry/opentelemetry-exporter-logging/1.50.0/opentelemetry-exporter-logging-1.50.0.jar:/Users/adityapargunde/.m2/repository/io/opentelemetry/opentelemetry-sdk-common/1.50.0/opentelemetry-sdk-common-1.50.0.jar:/Users/adityapargunde/.m2/repository/io/opentelemetry/opentelemetry-sdk-extension-autoconfigure-spi/1.50.0/opentelemetry-sdk-extension-autoconfigure-spi-1.50.0.jar:/Users/adityapargunde/.m2/repository/io/opentelemetry/opentelemetry-sdk-extension-autoconfigure/1.50.0/opentelemetry-sdk-extension-autoconfigure-1.50.0.jar:/Users/adityapargunde/.m2/repository/io/opentelemetry/opentelemetry-sdk-trace/1.50.0/opentelemetry-sdk-trace-1.50.0.jar:/Users/adityapargunde/.m2/repository/io/opentelemetry/opentelemetry-sdk/1.50.0/opentelemetry-sdk-1.50.0.jar:/Users/adityapargunde/.m2/repository/io/opentelemetry/opentelemetry-sdk-metrics/1.50.0/opentelemetry-sdk-metrics-1.50.0.jar:/Users/adityapargunde/.m2/repository/io/opentelemetry/opentelemetry-sdk-logs/1.50.0/opentelemetry-sdk-logs-1.50.0.jar:/Users/adityapargunde/.m2/repository/net/bytebuddy/byte-buddy/1.17.5/byte-buddy-1.17.5.jar:/Users/adityapargunde/.m2/repository/org/seleniumhq/selenium/selenium-os/4.33.0/selenium-os-4.33.0.jar:/Users/adityapargunde/.m2/repository/org/apache/commons/commons-exec/1.4.0/commons-exec-1.4.0.jar:/Users/adityapargunde/.m2/repository/org/seleniumhq/selenium/selenium-safari-driver/4.33.0/selenium-safari-driver-4.33.0.jar:/Users/adityapargunde/.m2/repository/org/seleniumhq/selenium/selenium-support/4.33.0/selenium-support-4.33.0.jar:/Users/adityapargunde/.m2/repository/io/github/bonigarcia/webdrivermanager/5.9.2/webdrivermanager-5.9.2.jar:/Users/adityapargunde/.m2/repository/org/slf4j/slf4j-api/2.0.13/slf4j-api-2.0.13.jar:/Users/adityapargunde/.m2/repository/com/google/code/gson/gson/2.11.0/gson-2.11.0.jar:/Users/adityapargunde/.m2/repository/com/google/errorprone/error_prone_annotations/2.27.0/error_prone_annotations-2.27.0.jar:/Users/adityapargunde/.m2/repository/com/github/docker-java/docker-java/3.4.0/docker-java-3.4.0.jar:/Users/adityapargunde/.m2/repository/com/github/docker-java/docker-java-core/3.4.0/docker-java-core-3.4.0.jar:/Users/adityapargunde/.m2/repository/com/github/docker-java/docker-java-api/3.4.0/docker-java-api-3.4.0.jar:/Users/adityapargunde/.m2/repository/org/slf4j/jcl-over-slf4j/1.7.30/jcl-over-slf4j-1.7.30.jar:/Users/adityapargunde/.m2/repository/com/github/docker-java/docker-java-transport-httpclient5/3.4.0/docker-java-transport-httpclient5-3.4.0.jar:/Users/adityapargunde/.m2/repository/com/github/docker-java/docker-java-transport/3.4.0/docker-java-transport-3.4.0.jar:/Users/adityapargunde/.m2/repository/net/java/dev/jna/jna/5.13.0/jna-5.13.0.jar:/Users/adityapargunde/.m2/repository/org/brotli/dec/0.1.2/dec-0.1.2.jar:/Users/adityapargunde/.m2/repository/org/apache/commons/commons-lang3/3.15.0/commons-lang3-3.15.0.jar:/Users/adityapargunde/.m2/repository/org/apache/commons/commons-compress/1.26.2/commons-compress-1.26.2.jar:/Users/adityapargunde/.m2/repository/org/apache/httpcomponents/client5/httpclient5/5.2.1/httpclient5-5.2.1.jar:/Users/adityapargunde/.m2/repository/org/apache/httpcomponents/core5/httpcore5/5.2/httpcore5-5.2.jar:/Users/adityapargunde/.m2/repository/org/apache/httpcomponents/core5/httpcore5-h2/5.2/httpcore5-h2-5.2.jar:/Users/adityapargunde/.m2/repository/org/testng/testng/7.11.0/testng-7.11.0.jar:/Users/adityapargunde/.m2/repository/org/jcommander/jcommander/1.83/jcommander-1.83.jar:/Users/adityapargunde/.m2/repository/org/webjars/jquery/3.7.1/jquery-3.7.1.jar:/Users/adityapargunde/.m2/repository/io/cucumber/cucumber-java/7.27.2/cucumber-java-7.27.2.jar:/Users/adityapargunde/.m2/repository/io/cucumber/cucumber-core/7.27.2/cucumber-core-7.27.2.jar:/Users/adityapargunde/.m2/repository/io/cucumber/cucumber-gherkin/7.27.2/cucumber-gherkin-7.27.2.jar:/Users/adityapargunde/.m2/repository/io/cucumber/cucumber-gherkin-messages/7.27.2/cucumber-gherkin-messages-7.27.2.jar:/Users/adityapargunde/.m2/repository/io/cucumber/gherkin/34.0.0/gherkin-34.0.0.jar:/Users/adityapargunde/.m2/repository/org/assertj/assertj-core/3.27.4/assertj-core-3.27.4.jar:/Users/adityapargunde/.m2/repository/io/cucumber/messages/28.1.0/messages-28.1.0.jar:/Users/adityapargunde/.m2/repository/io/cucumber/pretty-formatter/2.1.0/pretty-formatter-2.1.0.jar:/Users/adityapargunde/.m2/repository/io/cucumber/query/13.6.0/query-13.6.0.jar:/Users/adityapargunde/.m2/repository/io/cucumber/testng-xml-formatter/0.5.0/testng-xml-formatter-0.5.0.jar:/Users/adityapargunde/.m2/repository/io/cucumber/tag-expressions/6.1.2/tag-expressions-6.1.2.jar:/Users/adityapargunde/.m2/repository/io/cucumber/cucumber-expressions/18.0.1/cucumber-expressions-18.0.1.jar:/Users/adityapargunde/.m2/repository/io/cucumber/datatable/7.27.2/datatable-7.27.2.jar:/Users/adityapargunde/.m2/repository/io/cucumber/cucumber-plugin/7.27.2/cucumber-plugin-7.27.2.jar:/Users/adityapargunde/.m2/repository/io/cucumber/docstring/7.27.2/docstring-7.27.2.jar:/Users/adityapargunde/.m2/repository/io/cucumber/html-formatter/21.13.0/html-formatter-21.13.0.jar:/Users/adityapargunde/.m2/repository/io/cucumber/junit-xml-formatter/0.8.1/junit-xml-formatter-0.8.1.jar:/Users/adityapargunde/.m2/repository/io/cucumber/ci-environment/10.0.1/ci-environment-10.0.1.jar:/Users/adityapargunde/.m2/repository/org/apiguardian/apiguardian-api/1.1.2/apiguardian-api-1.1.2.jar:/Users/adityapargunde/.m2/repository/io/cucumber/cucumber-testng/7.27.2/cucumber-testng-7.27.2.jar:/Users/adityapargunde/.m2/repository/io/cucumber/cucumber-picocontainer/7.27.2/cucumber-picocontainer-7.27.2.jar:/Users/adityapargunde/.m2/repository/org/picocontainer/picocontainer/2.15.2/picocontainer-2.15.2.jar:/Users/adityapargunde/.m2/repository/com/fasterxml/jackson/core/jackson-databind/2.19.2/jackson-databind-2.19.2.jar:/Users/adityapargunde/.m2/repository/com/fasterxml/jackson/core/jackson-annotations/2.19.2/jackson-annotations-2.19.2.jar:/Users/adityapargunde/.m2/repository/com/fasterxml/jackson/core/jackson-core/2.19.2/jackson-core-2.19.2.jar:/Users/adityapargunde/.m2/repository/com/aventstack/extentreports/5.1.2/extentreports-5.1.2.jar:/Users/adityapargunde/.m2/repository/io/reactivex/rxjava3/rxjava/3.1.6/rxjava-3.1.6.jar:/Users/adityapargunde/.m2/repository/org/reactivestreams/reactive-streams/1.0.4/reactive-streams-1.0.4.jar:/Users/adityapargunde/.m2/repository/org/freemarker/freemarker/2.3.32/freemarker-2.3.32.jar:/Users/adityapargunde/.m2/repository/org/projectlombok/lombok/1.18.26/lombok-1.18.26.jar:/Users/adityapargunde/.m2/repository/tech/grasshopper/extentreports-cucumber7-adapter/1.14.0/extentreports-cucumber7-adapter-1.14.0.jar:/Users/adityapargunde/.m2/repository/tech/grasshopper/extent-pdf-report/2.12.0/extent-pdf-report-2.12.0.jar:/Users/adityapargunde/.m2/repository/tech/grasshopper/cucumber-pdf-report/2.14.0/cucumber-pdf-report-2.14.0.jar:/Users/adityapargunde/.m2/repository/org/apache/pdfbox/pdfbox/2.0.26/pdfbox-2.0.26.jar:/Users/adityapargunde/.m2/repository/org/apache/pdfbox/fontbox/2.0.26/fontbox-2.0.26.jar:/Users/adityapargunde/.m2/repository/org/knowm/xchart/xchart/3.8.0/xchart-3.8.0.jar:/Users/adityapargunde/.m2/repository/de/erichseifert/vectorgraphics2d/VectorGraphics2D/0.13/VectorGraphics2D-0.13.jar:/Users/adityapargunde/.m2/repository/de/rototor/pdfbox/graphics2d/0.30/graphics2d-0.30.jar:/Users/adityapargunde/.m2/repository/com/madgag/animated-gif-lib/1.4/animated-gif-lib-1.4.jar:/Users/adityapargunde/.m2/repository/org/yaml/snakeyaml/2.0/snakeyaml-2.0.jar:/Users/adityapargunde/.m2/repository/tech/grasshopper/table-layout/1.5.1/table-layout-1.5.1.jar:/Users/adityapargunde/.m2/repository/tech/grasshopper/rest-assured-cucumber-pdf-report/1.5.0/rest-assured-cucumber-pdf-report-1.5.0.jar:/Users/adityapargunde/.m2/repository/org/jsoup/jsoup/1.15.3/jsoup-1.15.3.jar:/Users/adityapargunde/.m2/repository/com/aventstack/klov-reporter/5.1.0/klov-reporter-5.1.0.jar:/Users/adityapargunde/.m2/repository/org/mongodb/mongodb-driver/3.6.4/mongodb-driver-3.6.4.jar:/Users/adityapargunde/.m2/repository/org/mongodb/mongodb-driver-core/3.6.4/mongodb-driver-core-3.6.4.jar:/Users/adityapargunde/.m2/repository/org/mongodb/bson/3.6.4/bson-3.6.4.jar:/Users/adityapargunde/.m2/repository/org/apache/httpcomponents/httpclient/4.5.13/httpclient-4.5.13.jar:/Users/adityapargunde/.m2/repository/org/apache/httpcomponents/httpcore/4.4.13/httpcore-4.4.13.jar:/Users/adityapargunde/.m2/repository/commons-logging/commons-logging/1.2/commons-logging-1.2.jar:/Users/adityapargunde/.m2/repository/org/apache/httpcomponents/httpmime/4.5.13/httpmime-4.5.13.jar:/Users/adityapargunde/.m2/repository/tech/grasshopper/htmlextentreporter/1.1.0/htmlextentreporter-1.1.0.jar:/Users/adityapargunde/.m2/repository/tech/grasshopper/extent-excel-report/1.4.0/extent-excel-report-1.4.0.jar:/Users/adityapargunde/.m2/repository/org/apache/poi/poi/5.2.3/poi-5.2.3.jar:/Users/adityapargunde/.m2/repository/commons-codec/commons-codec/1.15/commons-codec-1.15.jar:/Users/adityapargunde/.m2/repository/org/apache/commons/commons-collections4/4.4/commons-collections4-4.4.jar:/Users/adityapargunde/.m2/repository/org/apache/commons/commons-math3/3.6.1/commons-math3-3.6.1.jar:/Users/adityapargunde/.m2/repository/com/zaxxer/SparseBitSet/1.2/SparseBitSet-1.2.jar:/Users/adityapargunde/.m2/repository/org/apache/logging/log4j/log4j-api/2.18.0/log4j-api-2.18.0.jar:/Users/adityapargunde/.m2/repository/org/apache/poi/poi-ooxml/5.2.3/poi-ooxml-5.2.3.jar:/Users/adityapargunde/.m2/repository/org/apache/poi/poi-ooxml-lite/5.2.3/poi-ooxml-lite-5.2.3.jar:/Users/adityapargunde/.m2/repository/org/apache/xmlbeans/xmlbeans/5.1.1/xmlbeans-5.1.1.jar:/Users/adityapargunde/.m2/repository/com/github/virtuald/curvesapi/1.07/curvesapi-1.07.jar:/Users/adityapargunde/.m2/repository/commons-io/commons-io/2.13.0/commons-io-2.13.0.jar:"/>
    <property name="java.vm.vendor" value="Oracle Corporation"/>
    <property name="sun.arch.data.model" value="64"/>
    <property name="java.vendor.url" value="https://java.oracle.com/"/>
    <property name="user.timezone" value="Asia/Kolkata"/>
    <property name="os.name" value="Mac OS X"/>
    <property name="java.vm.specification.version" value="23"/>
    <property name="sun.java.launcher" value="SUN_STANDARD"/>
    <property name="user.country" value="US"/>
    <property name="sun.boot.library.path" value="/Library/Java/JavaVirtualMachines/jdk-23.jdk/Contents/Home/lib"/>
    <property name="sun.java.command" value="/Users/adityapargunde/eclipse-workspace/TestAutomationPractiseFramework/target/surefire/surefirebooter-20250906183123979_3.jar /Users/adityapargunde/eclipse-workspace/TestAutomationPractiseFramework/target/surefire 2025-09-06T18-31-23_914-jvmRun1 surefire-20250906183123979_1tmp surefire_0-20250906183123979_2tmp"/>
    <property name="http.nonProxyHosts" value="local|*.local|169.254/16|*.169.254/16"/>
    <property name="jdk.debug" value="release"/>
    <property name="surefire.test.class.path" value="/Users/adityapargunde/eclipse-workspace/TestAutomationPractiseFramework/target/test-classes:/Users/adityapargunde/eclipse-workspace/TestAutomationPractiseFramework/target/classes:/Users/adityapargunde/.m2/repository/org/seleniumhq/selenium/selenium-java/4.33.0/selenium-java-4.33.0.jar:/Users/adityapargunde/.m2/repository/org/seleniumhq/selenium/selenium-api/4.33.0/selenium-api-4.33.0.jar:/Users/adityapargunde/.m2/repository/org/jspecify/jspecify/1.0.0/jspecify-1.0.0.jar:/Users/adityapargunde/.m2/repository/org/seleniumhq/selenium/selenium-chrome-driver/4.33.0/selenium-chrome-driver-4.33.0.jar:/Users/adityapargunde/.m2/repository/com/google/auto/service/auto-service-annotations/1.1.1/auto-service-annotations-1.1.1.jar:/Users/adityapargunde/.m2/repository/org/seleniumhq/selenium/selenium-chromium-driver/4.33.0/selenium-chromium-driver-4.33.0.jar:/Users/adityapargunde/.m2/repository/org/seleniumhq/selenium/selenium-json/4.33.0/selenium-json-4.33.0.jar:/Users/adityapargunde/.m2/repository/org/seleniumhq/selenium/selenium-manager/4.33.0/selenium-manager-4.33.0.jar:/Users/adityapargunde/.m2/repository/org/seleniumhq/selenium/selenium-devtools-v135/4.33.0/selenium-devtools-v135-4.33.0.jar:/Users/adityapargunde/.m2/repository/org/seleniumhq/selenium/selenium-devtools-v136/4.33.0/selenium-devtools-v136-4.33.0.jar:/Users/adityapargunde/.m2/repository/org/seleniumhq/selenium/selenium-devtools-v137/4.33.0/selenium-devtools-v137-4.33.0.jar:/Users/adityapargunde/.m2/repository/org/seleniumhq/selenium/selenium-edge-driver/4.33.0/selenium-edge-driver-4.33.0.jar:/Users/adityapargunde/.m2/repository/org/seleniumhq/selenium/selenium-firefox-driver/4.33.0/selenium-firefox-driver-4.33.0.jar:/Users/adityapargunde/.m2/repository/org/seleniumhq/selenium/selenium-http/4.33.0/selenium-http-4.33.0.jar:/Users/adityapargunde/.m2/repository/org/seleniumhq/selenium/selenium-ie-driver/4.33.0/selenium-ie-driver-4.33.0.jar:/Users/adityapargunde/.m2/repository/org/seleniumhq/selenium/selenium-remote-driver/4.33.0/selenium-remote-driver-4.33.0.jar:/Users/adityapargunde/.m2/repository/com/google/guava/guava/33.4.8-jre/guava-33.4.8-jre.jar:/Users/adityapargunde/.m2/repository/com/google/guava/failureaccess/1.0.3/failureaccess-1.0.3.jar:/Users/adityapargunde/.m2/repository/com/google/guava/listenablefuture/9999.0-empty-to-avoid-conflict-with-guava/listenablefuture-9999.0-empty-to-avoid-conflict-with-guava.jar:/Users/adityapargunde/.m2/repository/com/google/j2objc/j2objc-annotations/3.0.0/j2objc-annotations-3.0.0.jar:/Users/adityapargunde/.m2/repository/io/opentelemetry/opentelemetry-api/1.50.0/opentelemetry-api-1.50.0.jar:/Users/adityapargunde/.m2/repository/io/opentelemetry/opentelemetry-context/1.50.0/opentelemetry-context-1.50.0.jar:/Users/adityapargunde/.m2/repository/io/opentelemetry/opentelemetry-exporter-logging/1.50.0/opentelemetry-exporter-logging-1.50.0.jar:/Users/adityapargunde/.m2/repository/io/opentelemetry/opentelemetry-sdk-common/1.50.0/opentelemetry-sdk-common-1.50.0.jar:/Users/adityapargunde/.m2/repository/io/opentelemetry/opentelemetry-sdk-extension-autoconfigure-spi/1.50.0/opentelemetry-sdk-extension-autoconfigure-spi-1.50.0.jar:/Users/adityapargunde/.m2/repository/io/opentelemetry/opentelemetry-sdk-extension-autoconfigure/1.50.0/opentelemetry-sdk-extension-autoconfigure-1.50.0.jar:/Users/adityapargunde/.m2/repository/io/opentelemetry/opentelemetry-sdk-trace/1.50.0/opentelemetry-sdk-trace-1.50.0.jar:/Users/adityapargunde/.m2/repository/io/opentelemetry/opentelemetry-sdk/1.50.0/opentelemetry-sdk-1.50.0.jar:/Users/adityapargunde/.m2/repository/io/opentelemetry/opentelemetry-sdk-metrics/1.50.0/opentelemetry-sdk-metrics-1.50.0.jar:/Users/adityapargunde/.m2/repository/io/opentelemetry/opentelemetry-sdk-logs/1.50.0/opentelemetry-sdk-logs-1.50.0.jar:/Users/adityapargunde/.m2/repository/net/bytebuddy/byte-buddy/1.17.5/byte-buddy-1.17.5.jar:/Users/adityapargunde/.m2/repository/org/seleniumhq/selenium/selenium-os/4.33.0/selenium-os-4.33.0.jar:/Users/adityapargunde/.m2/repository/org/apache/commons/commons-exec/1.4.0/commons-exec-1.4.0.jar:/Users/adityapargunde/.m2/repository/org/seleniumhq/selenium/selenium-safari-driver/4.33.0/selenium-safari-driver-4.33.0.jar:/Users/adityapargunde/.m2/repository/org/seleniumhq/selenium/selenium-support/4.33.0/selenium-support-4.33.0.jar:/Users/adityapargunde/.m2/repository/io/github/bonigarcia/webdrivermanager/5.9.2/webdrivermanager-5.9.2.jar:/Users/adityapargunde/.m2/repository/org/slf4j/slf4j-api/2.0.13/slf4j-api-2.0.13.jar:/Users/adityapargunde/.m2/repository/com/google/code/gson/gson/2.11.0/gson-2.11.0.jar:/Users/adityapargunde/.m2/repository/com/google/errorprone/error_prone_annotations/2.27.0/error_prone_annotations-2.27.0.jar:/Users/adityapargunde/.m2/repository/com/github/docker-java/docker-java/3.4.0/docker-java-3.4.0.jar:/Users/adityapargunde/.m2/repository/com/github/docker-java/docker-java-core/3.4.0/docker-java-core-3.4.0.jar:/Users/adityapargunde/.m2/repository/com/github/docker-java/docker-java-api/3.4.0/docker-java-api-3.4.0.jar:/Users/adityapargunde/.m2/repository/org/slf4j/jcl-over-slf4j/1.7.30/jcl-over-slf4j-1.7.30.jar:/Users/adityapargunde/.m2/repository/com/github/docker-java/docker-java-transport-httpclient5/3.4.0/docker-java-transport-httpclient5-3.4.0.jar:/Users/adityapargunde/.m2/repository/com/github/docker-java/docker-java-transport/3.4.0/docker-java-transport-3.4.0.jar:/Users/adityapargunde/.m2/repository/net/java/dev/jna/jna/5.13.0/jna-5.13.0.jar:/Users/adityapargunde/.m2/repository/org/brotli/dec/0.1.2/dec-0.1.2.jar:/Users/adityapargunde/.m2/repository/org/apache/commons/commons-lang3/3.15.0/commons-lang3-3.15.0.jar:/Users/adityapargunde/.m2/repository/org/apache/commons/commons-compress/1.26.2/commons-compress-1.26.2.jar:/Users/adityapargunde/.m2/repository/org/apache/httpcomponents/client5/httpclient5/5.2.1/httpclient5-5.2.1.jar:/Users/adityapargunde/.m2/repository/org/apache/httpcomponents/core5/httpcore5/5.2/httpcore5-5.2.jar:/Users/adityapargunde/.m2/repository/org/apache/httpcomponents/core5/httpcore5-h2/5.2/httpcore5-h2-5.2.jar:/Users/adityapargunde/.m2/repository/org/testng/testng/7.11.0/testng-7.11.0.jar:/Users/adityapargunde/.m2/repository/org/jcommander/jcommander/1.83/jcommander-1.83.jar:/Users/adityapargunde/.m2/repository/org/webjars/jquery/3.7.1/jquery-3.7.1.jar:/Users/adityapargunde/.m2/repository/io/cucumber/cucumber-java/7.27.2/cucumber-java-7.27.2.jar:/Users/adityapargunde/.m2/repository/io/cucumber/cucumber-core/7.27.2/cucumber-core-7.27.2.jar:/Users/adityapargunde/.m2/repository/io/cucumber/cucumber-gherkin/7.27.2/cucumber-gherkin-7.27.2.jar:/Users/adityapargunde/.m2/repository/io/cucumber/cucumber-gherkin-messages/7.27.2/cucumber-gherkin-messages-7.27.2.jar:/Users/adityapargunde/.m2/repository/io/cucumber/gherkin/34.0.0/gherkin-34.0.0.jar:/Users/adityapargunde/.m2/repository/org/assertj/assertj-core/3.27.4/assertj-core-3.27.4.jar:/Users/adityapargunde/.m2/repository/io/cucumber/messages/28.1.0/messages-28.1.0.jar:/Users/adityapargunde/.m2/repository/io/cucumber/pretty-formatter/2.1.0/pretty-formatter-2.1.0.jar:/Users/adityapargunde/.m2/repository/io/cucumber/query/13.6.0/query-13.6.0.jar:/Users/adityapargunde/.m2/repository/io/cucumber/testng-xml-formatter/0.5.0/testng-xml-formatter-0.5.0.jar:/Users/adityapargunde/.m2/repository/io/cucumber/tag-expressions/6.1.2/tag-expressions-6.1.2.jar:/Users/adityapargunde/.m2/repository/io/cucumber/cucumber-expressions/18.0.1/cucumber-expressions-18.0.1.jar:/Users/adityapargunde/.m2/repository/io/cucumber/datatable/7.27.2/datatable-7.27.2.jar:/Users/adityapargunde/.m2/repository/io/cucumber/cucumber-plugin/7.27.2/cucumber-plugin-7.27.2.jar:/Users/adityapargunde/.m2/repository/io/cucumber/docstring/7.27.2/docstring-7.27.2.jar:/Users/adityapargunde/.m2/repository/io/cucumber/html-formatter/21.13.0/html-formatter-21.13.0.jar:/Users/adityapargunde/.m2/repository/io/cucumber/junit-xml-formatter/0.8.1/junit-xml-formatter-0.8.1.jar:/Users/adityapargunde/.m2/repository/io/cucumber/ci-environment/10.0.1/ci-environment-10.0.1.jar:/Users/adityapargunde/.m2/repository/org/apiguardian/apiguardian-api/1.1.2/apiguardian-api-1.1.2.jar:/Users/adityapargunde/.m2/repository/io/cucumber/cucumber-testng/7.27.2/cucumber-testng-7.27.2.jar:/Users/adityapargunde/.m2/repository/io/cucumber/cucumber-picocontainer/7.27.2/cucumber-picocontainer-7.27.2.jar:/Users/adityapargunde/.m2/repository/org/picocontainer/picocontainer/2.15.2/picocontainer-2.15.2.jar:/Users/adityapargunde/.m2/repository/com/fasterxml/jackson/core/jackson-databind/2.19.2/jackson-databind-2.19.2.jar:/Users/adityapargunde/.m2/repository/com/fasterxml/jackson/core/jackson-annotations/2.19.2/jackson-annotations-2.19.2.jar:/Users/adityapargunde/.m2/repository/com/fasterxml/jackson/core/jackson-core/2.19.2/jackson-core-2.19.2.jar:/Users/adityapargunde/.m2/repository/com/aventstack/extentreports/5.1.2/extentreports-5.1.2.jar:/Users/adityapargunde/.m2/repository/io/reactivex/rxjava3/rxjava/3.1.6/rxjava-3.1.6.jar:/Users/adityapargunde/.m2/repository/org/reactivestreams/reactive-streams/1.0.4/reactive-streams-1.0.4.jar:/Users/adityapargunde/.m2/repository/org/freemarker/freemarker/2.3.32/freemarker-2.3.32.jar:/Users/adityapargunde/.m2/repository/org/projectlombok/lombok/1.18.26/lombok-1.18.26.jar:/Users/adityapargunde/.m2/repository/tech/grasshopper/extentreports-cucumber7-adapter/1.14.0/extentreports-cucumber7-adapter-1.14.0.jar:/Users/adityapargunde/.m2/repository/tech/grasshopper/extent-pdf-report/2.12.0/extent-pdf-report-2.12.0.jar:/Users/adityapargunde/.m2/repository/tech/grasshopper/cucumber-pdf-report/2.14.0/cucumber-pdf-report-2.14.0.jar:/Users/adityapargunde/.m2/repository/org/apache/pdfbox/pdfbox/2.0.26/pdfbox-2.0.26.jar:/Users/adityapargunde/.m2/repository/org/apache/pdfbox/fontbox/2.0.26/fontbox-2.0.26.jar:/Users/adityapargunde/.m2/repository/org/knowm/xchart/xchart/3.8.0/xchart-3.8.0.jar:/Users/adityapargunde/.m2/repository/de/erichseifert/vectorgraphics2d/VectorGraphics2D/0.13/VectorGraphics2D-0.13.jar:/Users/adityapargunde/.m2/repository/de/rototor/pdfbox/graphics2d/0.30/graphics2d-0.30.jar:/Users/adityapargunde/.m2/repository/com/madgag/animated-gif-lib/1.4/animated-gif-lib-1.4.jar:/Users/adityapargunde/.m2/repository/org/yaml/snakeyaml/2.0/snakeyaml-2.0.jar:/Users/adityapargunde/.m2/repository/tech/grasshopper/table-layout/1.5.1/table-layout-1.5.1.jar:/Users/adityapargunde/.m2/repository/tech/grasshopper/rest-assured-cucumber-pdf-report/1.5.0/rest-assured-cucumber-pdf-report-1.5.0.jar:/Users/adityapargunde/.m2/repository/org/jsoup/jsoup/1.15.3/jsoup-1.15.3.jar:/Users/adityapargunde/.m2/repository/com/aventstack/klov-reporter/5.1.0/klov-reporter-5.1.0.jar:/Users/adityapargunde/.m2/repository/org/mongodb/mongodb-driver/3.6.4/mongodb-driver-3.6.4.jar:/Users/adityapargunde/.m2/repository/org/mongodb/mongodb-driver-core/3.6.4/mongodb-driver-core-3.6.4.jar:/Users/adityapargunde/.m2/repository/org/mongodb/bson/3.6.4/bson-3.6.4.jar:/Users/adityapargunde/.m2/repository/org/apache/httpcomponents/httpclient/4.5.13/httpclient-4.5.13.jar:/Users/adityapargunde/.m2/repository/org/apache/httpcomponents/httpcore/4.4.13/httpcore-4.4.13.jar:/Users/adityapargunde/.m2/repository/commons-logging/commons-logging/1.2/commons-logging-1.2.jar:/Users/adityapargunde/.m2/repository/org/apache/httpcomponents/httpmime/4.5.13/httpmime-4.5.13.jar:/Users/adityapargunde/.m2/repository/tech/grasshopper/htmlextentreporter/1.1.0/htmlextentreporter-1.1.0.jar:/Users/adityapargunde/.m2/repository/tech/grasshopper/extent-excel-report/1.4.0/extent-excel-report-1.4.0.jar:/Users/adityapargunde/.m2/repository/org/apache/poi/poi/5.2.3/poi-5.2.3.jar:/Users/adityapargunde/.m2/repository/commons-codec/commons-codec/1.15/commons-codec-1.15.jar:/Users/adityapargunde/.m2/repository/org/apache/commons/commons-collections4/4.4/commons-collections4-4.4.jar:/Users/adityapargunde/.m2/repository/org/apache/commons/commons-math3/3.6.1/commons-math3-3.6.1.jar:/Users/adityapargunde/.m2/repository/com/zaxxer/SparseBitSet/1.2/SparseBitSet-1.2.jar:/Users/adityapargunde/.m2/repository/org/apache/logging/log4j/log4j-api/2.18.0/log4j-api-2.18.0.jar:/Users/adityapargunde/.m2/repository/org/apache/poi/poi-ooxml/5.2.3/poi-ooxml-5.2.3.jar:/Users/adityapargunde/.m2/repository/org/apache/poi/poi-ooxml-lite/5.2.3/poi-ooxml-lite-5.2.3.jar:/Users/adityapargunde/.m2/repository/org/apache/xmlbeans/xmlbeans/5.1.1/xmlbeans-5.1.1.jar:/Users/adityapargunde/.m2/repository/com/github/virtuald/curvesapi/1.07/curvesapi-1.07.jar:/Users/adityapargunde/.m2/repository/commons-io/commons-io/2.13.0/commons-io-2.13.0.jar:"/>
    <property name="sun.cpu.endian" value="little"/>
    <property name="user.home" value="/Users/adityapargunde"/>
    <property name="user.language" value="en"/>
    <property name="java.specification.vendor" value="Oracle Corporation"/>
    <property name="java.version.date" value="2025-01-21"/>
    <property name="java.home" value="/Library/Java/JavaVirtualMachines/jdk-23.jdk/Contents/Home"/>
    <property name="file.separator" value="/"/>
    <property name="basedir" value="/Users/adityapargunde/eclipse-workspace/TestAutomationPractiseFramework"/>
    <property name="java.vm.compressedOopsMode" value="Zero based"/>
    <property name="line.separator" value="&#10;"/>
    <property name="java.vm.specification.vendor" value="Oracle Corporation"/>
    <property name="java.specification.name" value="Java Platform API Specification"/>
    <property name="apple.awt.application.name" value="ForkedBooter"/>
    <property name="surefire.real.class.path" value="/Users/adityapargunde/eclipse-workspace/TestAutomationPractiseFramework/target/surefire/surefirebooter-20250906183123979_3.jar"/>
    <property name="sun.management.compiler" value="HotSpot 64-Bit Tiered Compilers"/>
    <property name="ftp.nonProxyHosts" value="local|*.local|169.254/16|*.169.254/16"/>
    <property name="java.runtime.version" value="23.0.2+7-58"/>
    <property name="user.name" value="adityapargunde"/>
    <property name="stdout.encoding" value="UTF-8"/>
    <property name="path.separator" value=":"/>
    <property name="os.version" value="15.4.1"/>
    <property name="java.runtime.name" value="Java(TM) SE Runtime Environment"/>
    <property name="file.encoding" value="UTF-8"/>
    <property name="java.vm.name" value="Java HotSpot(TM) 64-Bit Server VM"/>
    <property name="localRepository" value="/Users/adityapargunde/.m2/repository"/>
    <property name="java.vendor.url.bug" value="https://bugreport.java.com/bugreport/"/>
    <property name="java.io.tmpdir" value="/var/folders/fh/mrx4vbm562g1986vvgt2b16w0000gn/T/"/>
    <property name="java.version" value="23.0.2"/>
    <property name="user.dir" value="/Users/adityapargunde/eclipse-workspace/TestAutomationPractiseFramework"/>
    <property name="os.arch" value="x86_64"/>
    <property name="java.vm.specification.name" value="Java Virtual Machine Specification"/>
    <property name="native.encoding" value="UTF-8"/>
    <property name="java.library.path" value="/Users/adityapargunde/Library/Java/Extensions:/Library/Java/Extensions:/Network/Library/Java/Extensions:/System/Library/Java/Extensions:/usr/lib/java:."/>
    <property name="java.vm.info" value="mixed mode, sharing"/>
    <property name="stderr.encoding" value="UTF-8"/>
    <property name="java.vendor" value="Oracle Corporation"/>
    <property name="java.vm.version" value="23.0.2+7-58"/>
    <property name="sun.io.unicode.encoding" value="UnicodeBig"/>
    <property name="socksNonProxyHosts" value="local|*.local|169.254/16|*.169.254/16"/>
    <property name="java.class.version" value="67.0"/>
  </properties>
  <testcase name="runScenario[&quot;Fill form and select date for calendar using Excel data&quot;, &quot;Form Submission with Data&quot;](1)" classname="cucumber.TestNGTestRunner" time="21.193">
    <failure message="Keys to send should be a not null CharSequence" type="java.lang.IllegalArgumentException"><![CDATA[java.lang.IllegalArgumentException: Keys to send should be a not null CharSequence
	at org.openqa.selenium.remote.RemoteWebElement.sendKeys(RemoteWebElement.java:96)
	at pages.GUIFormPage.enterName(GUIFormPage.java:24)
	at StepDefinitions.FormSteps.I_fill_the_form_and_calendar_with_Excel_data(FormSteps.java:49)
	at ✽.I fill the form and calendar with Excel data(file:///Users/adityapargunde/eclipse-workspace/TestAutomationPractiseFramework/src/test/java/cucumber/GUIFormPage.feature:5)
]]></failure>
    <system-out><![CDATA[
Scenario: Fill form and select date for calendar using Excel data # file:///Users/adityapargunde/eclipse-workspace/TestAutomationPractiseFramework/src/test/java/cucumber/GUIFormPage.feature:3
  ✔ Given i opened the automation practise website                # StepDefinitions.FormSteps.i_opened_the_automation_practise_website()
  ✘ When I fill the form and calendar with Excel data             # StepDefinitions.FormSteps.I_fill_the_form_and_calendar_with_Excel_data()
        java.lang.IllegalArgumentException: Keys to send should be a not null CharSequence
        	at org.openqa.selenium.remote.RemoteWebElement.sendKeys(RemoteWebElement.java:96)
        	at pages.GUIFormPage.enterName(GUIFormPage.java:24)
        	at StepDefinitions.FormSteps.I_fill_the_form_and_calendar_with_Excel_data(FormSteps.java:49)
        	at ✽.I fill the form and calendar with Excel data(file:///Users/adityapargunde/eclipse-workspace/TestAutomationPractiseFramework/src/test/java/cucumber/GUIFormPage.feature:5)
  ↷ And I perform mouse actions and alerts for all users
  ↷ Then Browser will close                                       # StepDefinitions.FormSteps.Browser_will_close()
]]></system-out>
    <system-err><![CDATA[SLF4J(W): No SLF4J providers were found.
SLF4J(W): Defaulting to no-operation (NOP) logger implementation
SLF4J(W): See https://www.slf4j.org/codes.html#noProviders for further details.
Sep 06, 2025 6:31:27 PM org.openqa.selenium.devtools.CdpVersionFinder findNearestMatch
WARNING: Unable to find an exact match for CDP version 140, returning the closest version; found: 137; Please update to a Selenium version that supports CDP version 140
ERROR StatusLogger Log4j2 could not find a logging implementation. Please add log4j-core to the classpath. Using SimpleLogger to log to the console...
]]></system-err>
  </testcase>
</testsuite>