<?xml version="1.0" encoding="UTF-8"?>
<!-- Generated by org.testng.reporters.JUnitReportReporter -->
<testsuite hostname="Adityas-MacBook-Pro.local" failures="0" tests="1" name="testcase.GUIElements" time="0.008" errors="0" timestamp="2025-08-27T18:25:26 IST" skipped="0">
  <testcase classname="testcase.GUIElements" name="guiElementsTest" time="0.008"/>
</testsuite> <!-- testcase.GUIElements -->
