<?xml version="1.0" encoding="UTF-8"?>
<!-- Generated by org.testng.reporters.JUnitReportReporter -->
<testsuite hostname="Adityas-MacBook-Pro.local" failures="0" tests="5" name="testcase.LocatorsAndActionsPractise" time="155.770" errors="0" timestamp="2025-09-06T19:00:30 IST" skipped="0">
  <testcase classname="testcase.LocatorsAndActionsPractise" name="fillFormAndSelectDate" time="43.892"/>
  <testcase classname="testcase.LocatorsAndActionsPractise" name="fillFormAndSelectDate" time="24.154"/>
  <testcase classname="testcase.LocatorsAndActionsPractise" name="fillFormAndSelectDate" time="23.148"/>
  <testcase classname="testcase.LocatorsAndActionsPractise" name="fillFormAndSelectDate" time="34.034"/>
  <testcase classname="testcase.LocatorsAndActionsPractise" name="fillFormAndSelectDate" time="30.542"/>
</testsuite> <!-- testcase.LocatorsAndActionsPractise -->
