<?xml version="1.0" encoding="UTF-8"?>
<!-- Generated by org.testng.reporters.JUnitReportReporter -->
<testsuite hostname="Adityas-MacBook-Pro.local" failures="0" tests="8" name="testcase.LocatorsAndActionsPractise" time="116.970" errors="0" timestamp="2025-08-29T18:13:18 IST" skipped="0">
  <testcase classname="testcase.LocatorsAndActionsPractise" name="testCalendar" time="9.678"/>
  <testcase classname="testcase.LocatorsAndActionsPractise" name="testCalendar" time="15.325"/>
  <testcase classname="testcase.LocatorsAndActionsPractise" name="testCalendar" time="19.306"/>
  <testcase classname="testcase.LocatorsAndActionsPractise" name="testCalendar" time="17.871"/>
  <testcase classname="testcase.LocatorsAndActionsPractise" name="testForm" time="12.896"/>
  <testcase classname="testcase.LocatorsAndActionsPractise" name="testForm" time="15.148"/>
  <testcase classname="testcase.LocatorsAndActionsPractise" name="testForm" time="14.219"/>
  <testcase classname="testcase.LocatorsAndActionsPractise" name="testForm" time="12.527"/>
</testsuite> <!-- testcase.LocatorsAndActionsPractise -->
