<?xml version="1.0" encoding="UTF-8"?>
<!-- Generated by org.testng.reporters.JUnitReportReporter -->
<testsuite hostname="Adityas-MacBook-Pro.local" failures="0" tests="4" name="testcase.LocatorsAndActionsPractise" time="75.794" errors="0" timestamp="2025-08-29T20:07:41 IST" skipped="0">
  <testcase classname="testcase.LocatorsAndActionsPractise" name="fillFormAndSelectDate" time="12.688"/>
  <testcase classname="testcase.LocatorsAndActionsPractise" name="fillFormAndSelectDate" time="20.599"/>
  <testcase classname="testcase.LocatorsAndActionsPractise" name="fillFormAndSelectDate" time="24.285"/>
  <testcase classname="testcase.LocatorsAndActionsPractise" name="fillFormAndSelectDate" time="18.222"/>
</testsuite> <!-- testcase.LocatorsAndActionsPractise -->
