<?xml version="1.0" encoding="UTF-8"?>
<!-- Generated by org.testng.reporters.JUnitReportReporter -->
<testsuite hostname="Adityas-MacBook-Pro.local" failures="0" tests="5" name="testcase.LocatorsAndActionsPractise" time="76.142" errors="0" timestamp="2025-08-30T14:33:07 IST" skipped="0">
  <testcase classname="testcase.LocatorsAndActionsPractise" name="fillFormAndSelectDate" time="13.886"/>
  <testcase classname="testcase.LocatorsAndActionsPractise" name="fillFormAndSelectDate" time="17.253"/>
  <testcase classname="testcase.LocatorsAndActionsPractise" name="fillFormAndSelectDate" time="16.156"/>
  <testcase classname="testcase.LocatorsAndActionsPractise" name="fillFormAndSelectDate" time="14.785"/>
  <testcase classname="testcase.LocatorsAndActionsPractise" name="fillFormAndSelectDate" time="14.062"/>
</testsuite> <!-- testcase.LocatorsAndActionsPractise -->
